<?xml version="1.0" encoding="UTF-8"?>
<testsuite name="org.openbaton.faultmanagement.test.JsonMappingTestSuite" tests="2" skipped="0" failures="0" errors="0" timestamp="2015-10-31T14:51:56" hostname="buran" time="0.156">
  <properties/>
  <testcase name="testJsonMapping" classname="org.openbaton.faultmanagement.test.JsonMappingTestSuite" time="0.117"/>
  <testcase name="testFaultManagementPolicy" classname="org.openbaton.faultmanagement.test.JsonMappingTestSuite" time="0.039"/>
  <system-out><![CDATA[ActualVNFFaultManagementPolicy{id='null', version=0, name='vnf-not-available', cooldown=10, period=30, severity=CRITICAL, criteria=Criteria{id='null', version=0, name='criteria1', vdu_selector='vdu1', parameter_ref=NET_TCP_LISTEN, statistic='at_least_one', comparison_operator='=', threshold='0'}Criteria{id='null', version=0, name='criteria2', vdu_selector='vdu1', parameter_ref=AGENT_PING, statistic='at_least_one', comparison_operator='=', threshold='0'}, action=REINSTANTIATE_SERVICE
ExpectVNFFaultManagementPolicy{id='null', version=0, name='vnf-not-available', cooldown=10, period=30, severity=CRITICAL, criteria=Criteria{id='null', version=0, name='criteria1', vdu_selector='vdu1', parameter_ref=NET_TCP_LISTEN, statistic='at_least_one', comparison_operator='=', threshold='0'}Criteria{id='null', version=0, name='criteria2', vdu_selector='vdu1', parameter_ref=AGENT_PING, statistic='at_least_one', comparison_operator='=', threshold='0'}, action=REINSTANTIATE_SERVICE
]]></system-out>
  <system-err><![CDATA[]]></system-err>
</testsuite>
